10:18:44 **** Build of configuration Debug for project Feed_chacha ****
make all 
Building file: ../src/example.c
Invoking: MicroBlaze gcc compiler
mb-gcc -Wall -O0 -g3 -c -fmessage-length=0 -MT"src/example.o" -I../../Feed_chacha_bsp/microblaze_0/include -mlittle-endian -mcpu=v9.6 -mxl-soft-mul -Wl,--no-relax -MMD -MP -MF"src/example.d" -MT"src/example.o" -o "src/example.o" "../src/example.c"
Finished building: ../src/example.c
 
Building file: ../src/testperiph.c
Invoking: MicroBlaze gcc compiler
mb-gcc -Wall -O0 -g3 -c -fmessage-length=0 -MT"src/testperiph.o" -I../../Feed_chacha_bsp/microblaze_0/include -mlittle-endian -mcpu=v9.6 -mxl-soft-mul -Wl,--no-relax -MMD -MP -MF"src/testperiph.d" -MT"src/testperiph.o" -o "src/testperiph.o" "../src/testperiph.c"
../src/testperiph.c: In function 'main':
../src/testperiph.c:14:2: warning: implicit declaration of function 'encrypt' [-Wimplicit-function-declaration]
  encrypt();
  ^
../src/testperiph.c: At top level:
../src/testperiph.c:18:6: warning: conflicting types for 'encrypt'
 void encrypt(void){
      ^
../src/testperiph.c:14:2: note: previous implicit declaration of 'encrypt' was here
  encrypt();
  ^
Finished building: ../src/testperiph.c
 
Building target: Feed_chacha.elf
Invoking: MicroBlaze gcc linker
mb-gcc -Wl,-T -Wl,../src/lscript.ld -L../../Feed_chacha_bsp/microblaze_0/lib -mlittle-endian -mcpu=v9.6 -mxl-soft-mul -Wl,--no-relax -o "Feed_chacha.elf"  ./src/example.o ./src/testperiph.o   -Wl,--start-group,-lxil,-lgcc,-lc,--end-group
./src/testperiph.o: In function `main':
/home/torbjorn/development/vhdl/cifra/chacha_test2/chacha_test2.sdk/Feed_chacha/Debug/../src/testperiph.c:13: multiple definition of `main'
makefile:36: recipe for target 'Feed_chacha.elf' failed
./src/example.o:/home/torbjorn/development/vhdl/cifra/chacha_test2/chacha_test2.sdk/Feed_chacha/Debug/../src/example.c:82: first defined here
collect2: error: ld returned 1 exit status
make: *** [Feed_chacha.elf] Error 1

10:18:44 Build Finished (took 227ms)

